<?xml version="1.0" encoding="UTF-8"?>
<testsuite xmlns:xsi="http://www.w3.org/2001/XMLSchema-instance" xsi:noNamespaceSchemaLocation="https://maven.apache.org/surefire/maven-surefire-plugin/xsd/surefire-test-report-3.0.xsd" version="3.0" name="ph.gov.dsr.datamanagement.controller.DataIngestionControllerTest" time="14.353" tests="11" errors="0" skipped="0" failures="0">
  <properties>
[...]
</properties>
  <testcase name="testIngestBatch_Success" classname="ph.gov.dsr.datamanagement.controller.DataIngestionControllerTest" time="1.443">
    <system-out><![CDATA[11:40:08.839 [main] INFO org.springframework.test.context.support.AnnotationConfigContextLoaderUtils -- Could not detect default configuration classes for test class [ph.gov.dsr.datamanagement.controller.DataIngestionControllerTest]: DataIngestionControllerTest does not declare any static, non-private, non-final, nested classes annotated with @Configuration.
11:40:09.464 [main] INFO org.springframework.boot.test.context.SpringBootTestContextBootstrapper -- Found @SpringBootConfiguration ph.gov.dsr.datamanagement.DataManagementServiceApplication for test class ph.gov.dsr.datamanagement.controller.DataIngestionControllerTest

  .   ____          _            __ _ _
 /\\ / ___'_ __ _ _(_)_ __  __ _ \ \ \ \
( ( )\___ | '_ | '_| | '_ \/ _` | \ \ \ \
 \\/  ___)| |_)| | | | | || (_| |  ) ) ) )
  '  |____| .__|_| |_|_| |_\__, | / / / /
 =========|_|==============|___/=/_/_/_/
 :: Spring Boot ::                (v3.2.1)

11:40:10.687 [main] WARN  o.s.b.t.j.DuplicateJsonObjectContextCustomizerFactory$DuplicateJsonObjectContextCustomizer - 

Found multiple occurrences of org.json.JSONObject on the class path:

	jar:file:/C:/Users/preda/.m2/repository/org/json/json/20230618/json-20230618.jar!/org/json/JSONObject.class
	jar:file:/C:/Users/preda/.m2/repository/com/vaadin/external/google/android-json/0.0.20131108.vaadin1/android-json-0.0.20131108.vaadin1.jar!/org/json/JSONObject.class

You may wish to exclude one of them to ensure predictable runtime behavior

11:40:10.716 [main] INFO  p.g.d.d.c.DataIngestionControllerTest - Starting DataIngestionControllerTest using Java 17.0.12 with PID 19168 (started by preda in D:\GitProjects\DSR\services\data-management-service)
11:40:10.716 [main] DEBUG p.g.d.d.c.DataIngestionControllerTest - Running with Spring Boot v3.2.1, Spring v6.1.2
11:40:10.718 [main] INFO  p.g.d.d.c.DataIngestionControllerTest - The following 1 profile is active: "local"
11:40:20.437 [main] INFO  o.s.s.web.DefaultSecurityFilterChain - Will secure any request with [org.springframework.security.web.session.DisableEncodeUrlFilter@83b0d9f, org.springframework.security.web.context.request.async.WebAsyncManagerIntegrationFilter@14a3d15b, org.springframework.security.web.context.SecurityContextHolderFilter@5c2fc86, org.springframework.security.web.header.HeaderWriterFilter@451d6bc9, org.springframework.web.filter.CorsFilter@6afed88d, org.springframework.security.web.csrf.CsrfFilter@738ce295, org.springframework.security.web.authentication.logout.LogoutFilter@2176d934, org.springframework.security.web.authentication.UsernamePasswordAuthenticationFilter@1a4eb337, org.springframework.security.web.authentication.ui.DefaultLoginPageGeneratingFilter@e60c516, org.springframework.security.web.authentication.ui.DefaultLogoutPageGeneratingFilter@763e1ec9, org.springframework.security.web.authentication.www.BasicAuthenticationFilter@7c4c091a, org.springframework.security.web.savedrequest.RequestCacheAwareFilter@50c0392d, org.springframework.security.web.servletapi.SecurityContextHolderAwareRequestFilter@174e79f9, org.springframework.security.web.authentication.AnonymousAuthenticationFilter@26b9a264, org.springframework.security.web.access.ExceptionTranslationFilter@2554bfa, org.springframework.security.web.access.intercept.AuthorizationFilter@379899f4]
11:40:20.768 [main] INFO  o.s.b.t.m.w.SpringBootMockServletContext - Initializing Spring TestDispatcherServlet ''
11:40:20.769 [main] INFO  o.s.t.w.s.TestDispatcherServlet - Initializing Servlet ''
11:40:20.774 [main] INFO  o.s.t.w.s.TestDispatcherServlet - Completed initialization in 3 ms
11:40:20.892 [main] INFO  p.g.d.d.c.DataIngestionControllerTest - Started DataIngestionControllerTest in 11.231 seconds (process running for 15.097)
11:40:22.060 [main] INFO  p.g.d.d.c.DataIngestionController - Ingesting batch with 1 records, batchId: BATCH-001
]]></system-out>
  </testcase>
  <testcase name="testIngestData_Forbidden" classname="ph.gov.dsr.datamanagement.controller.DataIngestionControllerTest" time="0.028">
    <system-out><![CDATA[11:40:22.413 [main] INFO  p.g.d.d.c.DataIngestionController - Ingesting data from source: LISTAHANAN
]]></system-out>
  </testcase>
  <testcase name="testProcessLegacyFile_Success" classname="ph.gov.dsr.datamanagement.controller.DataIngestionControllerTest" time="0.02">
    <system-out><![CDATA[11:40:22.438 [main] INFO  p.g.d.d.c.DataIngestionController - Processing legacy data file from LISTAHANAN: /test/data.csv
]]></system-out>
  </testcase>
  <testcase name="testValidateData_Success" classname="ph.gov.dsr.datamanagement.controller.DataIngestionControllerTest" time="0.034">
    <system-out><![CDATA[11:40:22.461 [main] INFO  p.g.d.d.c.DataIngestionController - Validating data from source: LISTAHANAN
]]></system-out>
  </testcase>
  <testcase name="testGetIngestionStatistics_Success" classname="ph.gov.dsr.datamanagement.controller.DataIngestionControllerTest" time="0.018">
    <system-out><![CDATA[11:40:22.499 [main] INFO  p.g.d.d.c.DataIngestionController - Getting ingestion statistics for batch: BATCH-001
]]></system-out>
  </testcase>
  <testcase name="testIngestData_Unauthorized" classname="ph.gov.dsr.datamanagement.controller.DataIngestionControllerTest" time="0.019"/>
  <testcase name="testIngestData_ServiceException" classname="ph.gov.dsr.datamanagement.controller.DataIngestionControllerTest" time="0.034">
    <system-out><![CDATA[11:40:22.547 [main] INFO  p.g.d.d.c.DataIngestionController - Ingesting data from source: LISTAHANAN
]]></system-out>
  </testcase>
  <testcase name="testIngestData_InvalidRequest" classname="ph.gov.dsr.datamanagement.controller.DataIngestionControllerTest" time="0.036">
    <system-out><![CDATA[11:40:22.599 [main] WARN  o.s.w.s.m.s.DefaultHandlerExceptionResolver - Resolved [org.springframework.web.bind.MethodArgumentNotValidException: Validation failed for argument [0] in public org.springframework.http.ResponseEntity<ph.gov.dsr.datamanagement.dto.DataIngestionResponse> ph.gov.dsr.datamanagement.controller.DataIngestionController.ingestData(ph.gov.dsr.datamanagement.dto.DataIngestionRequest) with 3 errors: [Field error in object 'dataIngestionRequest' on field 'dataType': rejected value [null]; codes [NotBlank.dataIngestionRequest.dataType,NotBlank.dataType,NotBlank.java.lang.String,NotBlank]; arguments [org.springframework.context.support.DefaultMessageSourceResolvable: codes [dataIngestionRequest.dataType,dataType]; arguments []; default message [dataType]]; default message [Data type is required]] [Field error in object 'dataIngestionRequest' on field 'dataPayload': rejected value [null]; codes [NotNull.dataIngestionRequest.dataPayload,NotNull.dataPayload,NotNull.java.util.Map,NotNull]; arguments [org.springframework.context.support.DefaultMessageSourceResolvable: codes [dataIngestionRequest.dataPayload,dataPayload]; arguments []; default message [dataPayload]]; default message [Data payload is required]] [Field error in object 'dataIngestionRequest' on field 'sourceSystem': rejected value [null]; codes [NotBlank.dataIngestionRequest.sourceSystem,NotBlank.sourceSystem,NotBlank.java.lang.String,NotBlank]; arguments [org.springframework.context.support.DefaultMessageSourceResolvable: codes [dataIngestionRequest.sourceSystem,sourceSystem]; arguments []; default message [sourceSystem]]; default message [Source system is required]] ]
]]></system-out>
  </testcase>
  <testcase name="testGetIngestionStatus_Success" classname="ph.gov.dsr.datamanagement.controller.DataIngestionControllerTest" time="0.015">
    <system-out><![CDATA[11:40:22.614 [main] INFO  p.g.d.d.c.DataIngestionController - Getting ingestion status for ID: db51ff8c-4b5b-45f3-8ea2-0bc125c60031
]]></system-out>
  </testcase>
  <testcase name="testIngestData_ValidationError" classname="ph.gov.dsr.datamanagement.controller.DataIngestionControllerTest" time="0.052">
    <system-out><![CDATA[11:40:22.645 [main] INFO  p.g.d.d.c.DataIngestionController - Ingesting data from source: LISTAHANAN
]]></system-out>
  </testcase>
  <testcase name="testIngestData_Success" classname="ph.gov.dsr.datamanagement.controller.DataIngestionControllerTest" time="0.022">
    <system-out><![CDATA[11:40:22.689 [main] INFO  p.g.d.d.c.DataIngestionController - Ingesting data from source: LISTAHANAN
]]></system-out>
  </testcase>
</testsuite>